2022-05-18 00:14:01.239843: I tensorflow/core/platform/cpu_feature_guard.cc:151] This TensorFlow binary is optimized with oneAPI Deep Neural Network Library (oneDNN) to use the following CPU instructions in performance-critical operations:  AVX2 AVX512F FMA
To enable them in other operations, rebuild TensorFlow with the appropriate compiler flags.
2022-05-18 00:14:02.605462: I tensorflow/core/common_runtime/gpu/gpu_device.cc:1525] Created device /job:localhost/replica:0/task:0/device:GPU:0 with 30989 MB memory:  -> device: 0, name: NVIDIA Tesla V100S-PCIE-32GB, pci bus id: 0000:3b:00.0, compute capability: 7.0
2022-05-18 00:14:02.607206: I tensorflow/core/common_runtime/gpu/gpu_device.cc:1525] Created device /job:localhost/replica:0/task:0/device:GPU:1 with 30989 MB memory:  -> device: 1, name: NVIDIA Tesla V100S-PCIE-32GB, pci bus id: 0000:d8:00.0, compute capability: 7.0
2 Physical GPUs, 2 Logical GPUs
2022-05-18 00:14:25.229137[1/8] config_file . . .

Epoch 39: ReduceLROnPlateau reducing learning rate to 0.00020000000949949026.

Epoch 97: ReduceLROnPlateau reducing learning rate to 4.0000001899898055e-05.

Epoch 115: ReduceLROnPlateau reducing learning rate to 8.000000525498762e-06.
2022-05-18 00:33:54.161626: W tensorflow/python/util/util.cc:368] Sets are not currently considered sequences, but this may change in the future, so consider avoiding using them.

Epoch 10: ReduceLROnPlateau reducing learning rate to 0.0009999999776482583.

Epoch 34: ReduceLROnPlateau reducing learning rate to 0.0001999999862164259.

Epoch 51: ReduceLROnPlateau reducing learning rate to 3.9999996079131965e-05.

Epoch 76: ReduceLROnPlateau reducing learning rate to 7.99999907030724e-06.
WARNING:tensorflow:From /home/idinu/.conda/envs/tf-gpu/lib/python3.8/site-packages/tensorflow_probability/python/distributions/distribution.py:342: calling MultivariateNormalDiag.__init__ (from tensorflow_probability.python.distributions.mvn_diag) with scale_identity_multiplier is deprecated and will be removed after 2020-01-01.
Instructions for updating:
`scale_identity_multiplier` is deprecated; please combine it into `scale_diag` directly instead.

Epoch 62: ReduceLROnPlateau reducing learning rate to 0.00020000000949949026.

Epoch 93: ReduceLROnPlateau reducing learning rate to 4.0000001899898055e-05.

Epoch 23: ReduceLROnPlateau reducing learning rate to 0.0009999999776482583.

Epoch 32: ReduceLROnPlateau reducing learning rate to 0.0001999999862164259.

Epoch 64: ReduceLROnPlateau reducing learning rate to 3.9999996079131965e-05.

Epoch 49: ReduceLROnPlateau reducing learning rate to 0.00020000000949949026.

Epoch 94: ReduceLROnPlateau reducing learning rate to 4.0000001899898055e-05.

Epoch 104: ReduceLROnPlateau reducing learning rate to 8.000000525498762e-06.

Epoch 114: ReduceLROnPlateau reducing learning rate to 1.6000001778593287e-06.

Epoch 17: ReduceLROnPlateau reducing learning rate to 0.0009999999776482583.

Epoch 29: ReduceLROnPlateau reducing learning rate to 0.0001999999862164259.

Epoch 45: ReduceLROnPlateau reducing learning rate to 3.9999996079131965e-05.

Epoch 73: ReduceLROnPlateau reducing learning rate to 0.00020000000949949026.

Epoch 12: ReduceLROnPlateau reducing learning rate to 0.0009999999776482583.

Epoch 33: ReduceLROnPlateau reducing learning rate to 0.0001999999862164259.

Epoch 45: ReduceLROnPlateau reducing learning rate to 3.9999996079131965e-05.

Epoch 63: ReduceLROnPlateau reducing learning rate to 7.99999907030724e-06.

Epoch 32: ReduceLROnPlateau reducing learning rate to 0.00020000000949949026.

Epoch 43: ReduceLROnPlateau reducing learning rate to 4.0000001899898055e-05.

Epoch 53: ReduceLROnPlateau reducing learning rate to 8.000000525498762e-06.

Epoch 91: ReduceLROnPlateau reducing learning rate to 1.6000001778593287e-06.

Epoch 104: ReduceLROnPlateau reducing learning rate to 3.200000264769187e-07.

Epoch 114: ReduceLROnPlateau reducing learning rate to 6.400000529538374e-08.

Epoch 9: ReduceLROnPlateau reducing learning rate to 0.0009999999776482583.

Epoch 19: ReduceLROnPlateau reducing learning rate to 0.0001999999862164259.

Epoch 31: ReduceLROnPlateau reducing learning rate to 3.9999996079131965e-05.

Epoch 41: ReduceLROnPlateau reducing learning rate to 7.99999907030724e-06.
2022-05-18 06:10:06.306656[2/8] config_file . . .

Epoch 61: ReduceLROnPlateau reducing learning rate to 0.00020000000949949026.

Epoch 106: ReduceLROnPlateau reducing learning rate to 4.0000001899898055e-05.

Epoch 118: ReduceLROnPlateau reducing learning rate to 8.000000525498762e-06.

Epoch 24: ReduceLROnPlateau reducing learning rate to 0.0009999999776482583.

Epoch 34: ReduceLROnPlateau reducing learning rate to 0.0001999999862164259.

Epoch 52: ReduceLROnPlateau reducing learning rate to 3.9999996079131965e-05.

Epoch 63: ReduceLROnPlateau reducing learning rate to 0.00020000000949949026.

Epoch 28: ReduceLROnPlateau reducing learning rate to 0.0009999999776482583.

Epoch 51: ReduceLROnPlateau reducing learning rate to 0.0001999999862164259.

Epoch 73: ReduceLROnPlateau reducing learning rate to 3.9999996079131965e-05.

Epoch 32: ReduceLROnPlateau reducing learning rate to 0.00020000000949949026.

Epoch 22: ReduceLROnPlateau reducing learning rate to 0.0009999999776482583.

Epoch 39: ReduceLROnPlateau reducing learning rate to 0.0001999999862164259.

Epoch 67: ReduceLROnPlateau reducing learning rate to 3.9999996079131965e-05.

Epoch 44: ReduceLROnPlateau reducing learning rate to 0.00020000000949949026.

Epoch 14: ReduceLROnPlateau reducing learning rate to 0.0009999999776482583.

Epoch 32: ReduceLROnPlateau reducing learning rate to 0.0001999999862164259.

Epoch 50: ReduceLROnPlateau reducing learning rate to 3.9999996079131965e-05.

Epoch 72: ReduceLROnPlateau reducing learning rate to 7.99999907030724e-06.

Epoch 97: ReduceLROnPlateau reducing learning rate to 0.00020000000949949026.

Epoch 9: ReduceLROnPlateau reducing learning rate to 0.0009999999776482583.

Epoch 34: ReduceLROnPlateau reducing learning rate to 0.0001999999862164259.

Epoch 54: ReduceLROnPlateau reducing learning rate to 3.9999996079131965e-05.
2022-05-18 11:49:21.222929[3/8] config_file . . .

Epoch 37: ReduceLROnPlateau reducing learning rate to 0.00020000000949949026.

Epoch 116: ReduceLROnPlateau reducing learning rate to 4.0000001899898055e-05.

Epoch 11: ReduceLROnPlateau reducing learning rate to 0.0009999999776482583.

Epoch 21: ReduceLROnPlateau reducing learning rate to 0.0001999999862164259.

Epoch 54: ReduceLROnPlateau reducing learning rate to 3.9999996079131965e-05.

Epoch 54: ReduceLROnPlateau reducing learning rate to 0.00020000000949949026.

Epoch 76: ReduceLROnPlateau reducing learning rate to 4.0000001899898055e-05.

Epoch 86: ReduceLROnPlateau reducing learning rate to 8.000000525498762e-06.

Epoch 96: ReduceLROnPlateau reducing learning rate to 1.6000001778593287e-06.

Epoch 106: ReduceLROnPlateau reducing learning rate to 3.200000264769187e-07.

Epoch 116: ReduceLROnPlateau reducing learning rate to 6.400000529538374e-08.

Epoch 24: ReduceLROnPlateau reducing learning rate to 0.0009999999776482583.

Epoch 35: ReduceLROnPlateau reducing learning rate to 0.0001999999862164259.

Epoch 55: ReduceLROnPlateau reducing learning rate to 3.9999996079131965e-05.

Epoch 104: ReduceLROnPlateau reducing learning rate to 0.00020000000949949026.

Epoch 10: ReduceLROnPlateau reducing learning rate to 0.0009999999776482583.

Epoch 27: ReduceLROnPlateau reducing learning rate to 0.0001999999862164259.

Epoch 39: ReduceLROnPlateau reducing learning rate to 3.9999996079131965e-05.

Epoch 73: ReduceLROnPlateau reducing learning rate to 7.99999907030724e-06.

Epoch 37: ReduceLROnPlateau reducing learning rate to 0.00020000000949949026.

Epoch 65: ReduceLROnPlateau reducing learning rate to 4.0000001899898055e-05.

Epoch 85: ReduceLROnPlateau reducing learning rate to 8.000000525498762e-06.

Epoch 96: ReduceLROnPlateau reducing learning rate to 1.6000001778593287e-06.

Epoch 106: ReduceLROnPlateau reducing learning rate to 3.200000264769187e-07.

Epoch 116: ReduceLROnPlateau reducing learning rate to 6.400000529538374e-08.

Epoch 8: ReduceLROnPlateau reducing learning rate to 0.0009999999776482583.

Epoch 18: ReduceLROnPlateau reducing learning rate to 0.0001999999862164259.

Epoch 27: ReduceLROnPlateau reducing learning rate to 3.9999996079131965e-05.

Epoch 76: ReduceLROnPlateau reducing learning rate to 7.99999907030724e-06.

Epoch 51: ReduceLROnPlateau reducing learning rate to 0.00020000000949949026.

Epoch 86: ReduceLROnPlateau reducing learning rate to 4.0000001899898055e-05.

Epoch 102: ReduceLROnPlateau reducing learning rate to 8.000000525498762e-06.

Epoch 112: ReduceLROnPlateau reducing learning rate to 1.6000001778593287e-06.

Epoch 14: ReduceLROnPlateau reducing learning rate to 0.0009999999776482583.

Epoch 23: ReduceLROnPlateau reducing learning rate to 0.0001999999862164259.

Epoch 37: ReduceLROnPlateau reducing learning rate to 3.9999996079131965e-05.

Epoch 67: ReduceLROnPlateau reducing learning rate to 7.99999907030724e-06.

Epoch 77: ReduceLROnPlateau reducing learning rate to 1.599999814061448e-06.
2022-05-18 17:40:50.508245[4/8] config_file . . .

Epoch 64: ReduceLROnPlateau reducing learning rate to 0.00020000000949949026.

Epoch 27: ReduceLROnPlateau reducing learning rate to 0.0009999999776482583.

Epoch 37: ReduceLROnPlateau reducing learning rate to 0.0001999999862164259.

Epoch 56: ReduceLROnPlateau reducing learning rate to 3.9999996079131965e-05.

Epoch 74: ReduceLROnPlateau reducing learning rate to 7.99999907030724e-06.

Epoch 85: ReduceLROnPlateau reducing learning rate to 0.00020000000949949026.

Epoch 11: ReduceLROnPlateau reducing learning rate to 0.0009999999776482583.

Epoch 22: ReduceLROnPlateau reducing learning rate to 0.0001999999862164259.

Epoch 57: ReduceLROnPlateau reducing learning rate to 3.9999996079131965e-05.

Epoch 73: ReduceLROnPlateau reducing learning rate to 7.99999907030724e-06.

Epoch 120: ReduceLROnPlateau reducing learning rate to 0.00020000000949949026.

Epoch 7: ReduceLROnPlateau reducing learning rate to 0.0009999999776482583.

Epoch 28: ReduceLROnPlateau reducing learning rate to 0.0001999999862164259.

Epoch 57: ReduceLROnPlateau reducing learning rate to 3.9999996079131965e-05.

Epoch 69: ReduceLROnPlateau reducing learning rate to 7.99999907030724e-06.

Epoch 79: ReduceLROnPlateau reducing learning rate to 1.599999814061448e-06.

Epoch 61: ReduceLROnPlateau reducing learning rate to 0.00020000000949949026.

Epoch 19: ReduceLROnPlateau reducing learning rate to 0.0009999999776482583.

Epoch 35: ReduceLROnPlateau reducing learning rate to 0.0001999999862164259.

Epoch 52: ReduceLROnPlateau reducing learning rate to 3.9999996079131965e-05.

Epoch 20: ReduceLROnPlateau reducing learning rate to 0.0009999999776482583.

Epoch 38: ReduceLROnPlateau reducing learning rate to 0.0001999999862164259.

Epoch 56: ReduceLROnPlateau reducing learning rate to 3.9999996079131965e-05.

Epoch 74: ReduceLROnPlateau reducing learning rate to 7.99999907030724e-06.
2022-05-18 23:21:02.901269[5/8] config_file . . .

Epoch 49: ReduceLROnPlateau reducing learning rate to 0.00020000000949949026.

Epoch 120: ReduceLROnPlateau reducing learning rate to 4.0000001899898055e-05.

Epoch 15: ReduceLROnPlateau reducing learning rate to 0.0009999999776482583.

Epoch 25: ReduceLROnPlateau reducing learning rate to 0.0001999999862164259.

Epoch 45: ReduceLROnPlateau reducing learning rate to 3.9999996079131965e-05.

Epoch 61: ReduceLROnPlateau reducing learning rate to 7.99999907030724e-06.

Epoch 74: ReduceLROnPlateau reducing learning rate to 1.599999814061448e-06.

Epoch 74: ReduceLROnPlateau reducing learning rate to 0.00020000000949949026.

Epoch 11: ReduceLROnPlateau reducing learning rate to 0.0009999999776482583.

Epoch 36: ReduceLROnPlateau reducing learning rate to 0.0001999999862164259.

Epoch 57: ReduceLROnPlateau reducing learning rate to 3.9999996079131965e-05.

Epoch 69: ReduceLROnPlateau reducing learning rate to 7.99999907030724e-06.

Epoch 66: ReduceLROnPlateau reducing learning rate to 0.00020000000949949026.

Epoch 22: ReduceLROnPlateau reducing learning rate to 0.0009999999776482583.

Epoch 40: ReduceLROnPlateau reducing learning rate to 0.0001999999862164259.

Epoch 52: ReduceLROnPlateau reducing learning rate to 3.9999996079131965e-05.

Epoch 61: ReduceLROnPlateau reducing learning rate to 7.99999907030724e-06.

Epoch 69: ReduceLROnPlateau reducing learning rate to 1.599999814061448e-06.

Epoch 80: ReduceLROnPlateau reducing learning rate to 3.1999995826481613e-07.

Epoch 47: ReduceLROnPlateau reducing learning rate to 0.00020000000949949026.

Epoch 92: ReduceLROnPlateau reducing learning rate to 4.0000001899898055e-05.

Epoch 119: ReduceLROnPlateau reducing learning rate to 8.000000525498762e-06.

Epoch 16: ReduceLROnPlateau reducing learning rate to 0.0009999999776482583.

Epoch 33: ReduceLROnPlateau reducing learning rate to 0.0001999999862164259.

Epoch 47: ReduceLROnPlateau reducing learning rate to 3.9999996079131965e-05.

Epoch 55: ReduceLROnPlateau reducing learning rate to 7.99999907030724e-06.

Epoch 68: ReduceLROnPlateau reducing learning rate to 1.599999814061448e-06.

Epoch 78: ReduceLROnPlateau reducing learning rate to 3.1999995826481613e-07.

Epoch 56: ReduceLROnPlateau reducing learning rate to 0.00020000000949949026.

Epoch 17: ReduceLROnPlateau reducing learning rate to 0.0009999999776482583.

Epoch 38: ReduceLROnPlateau reducing learning rate to 0.0001999999862164259.

Epoch 47: ReduceLROnPlateau reducing learning rate to 3.9999996079131965e-05.

Epoch 57: ReduceLROnPlateau reducing learning rate to 7.99999907030724e-06.

Epoch 62: ReduceLROnPlateau reducing learning rate to 1.599999814061448e-06.

Epoch 67: ReduceLROnPlateau reducing learning rate to 3.1999995826481613e-07.

Epoch 72: ReduceLROnPlateau reducing learning rate to 6.399999392669997e-08.

Epoch 77: ReduceLROnPlateau reducing learning rate to 1.2799998216905806e-08.
2022-05-19 05:06:36.770100[6/8] config_file . . .

Epoch 23: ReduceLROnPlateau reducing learning rate to 0.0009999999776482583.

Epoch 37: ReduceLROnPlateau reducing learning rate to 0.0001999999862164259.

Epoch 55: ReduceLROnPlateau reducing learning rate to 3.9999996079131965e-05.

Epoch 93: ReduceLROnPlateau reducing learning rate to 0.00020000000949949026.

Epoch 21: ReduceLROnPlateau reducing learning rate to 0.0009999999776482583.

Epoch 39: ReduceLROnPlateau reducing learning rate to 0.0001999999862164259.

Epoch 54: ReduceLROnPlateau reducing learning rate to 3.9999996079131965e-05.

Epoch 111: ReduceLROnPlateau reducing learning rate to 0.00020000000949949026.

Epoch 10: ReduceLROnPlateau reducing learning rate to 0.0009999999776482583.

Epoch 37: ReduceLROnPlateau reducing learning rate to 0.0001999999862164259.

Epoch 66: ReduceLROnPlateau reducing learning rate to 0.00020000000949949026.

Epoch 103: ReduceLROnPlateau reducing learning rate to 4.0000001899898055e-05.

Epoch 118: ReduceLROnPlateau reducing learning rate to 8.000000525498762e-06.

Epoch 15: ReduceLROnPlateau reducing learning rate to 0.0009999999776482583.

Epoch 35: ReduceLROnPlateau reducing learning rate to 0.0001999999862164259.

Epoch 48: ReduceLROnPlateau reducing learning rate to 3.9999996079131965e-05.

Epoch 33: ReduceLROnPlateau reducing learning rate to 0.00020000000949949026.

Epoch 110: ReduceLROnPlateau reducing learning rate to 4.0000001899898055e-05.

Epoch 17: ReduceLROnPlateau reducing learning rate to 0.0009999999776482583.

Epoch 32: ReduceLROnPlateau reducing learning rate to 0.0001999999862164259.

Epoch 76: ReduceLROnPlateau reducing learning rate to 3.9999996079131965e-05.
2022-05-19 10:59:26.559808[7/8] config_file . . .

Epoch 64: ReduceLROnPlateau reducing learning rate to 0.00020000000949949026.

Epoch 106: ReduceLROnPlateau reducing learning rate to 4.0000001899898055e-05.

Epoch 118: ReduceLROnPlateau reducing learning rate to 8.000000525498762e-06.

Epoch 28: ReduceLROnPlateau reducing learning rate to 0.0009999999776482583.

Epoch 47: ReduceLROnPlateau reducing learning rate to 0.0001999999862164259.

Epoch 68: ReduceLROnPlateau reducing learning rate to 3.9999996079131965e-05.
